<?xml version="1.0" encoding="UTF-8"?>
<coverage generated="1628417439918" clover="3.2.0">
  <project timestamp="1628417439918" name="All files">
    <metrics statements="119" coveredstatements="112" conditionals="21" coveredconditionals="18" methods="4" coveredmethods="4" elements="144" coveredelements="134" complexity="0" loc="119" ncloc="119" packages="2" files="3" classes="3"/>
    <package name="centreParser">
      <metrics statements="107" coveredstatements="100" conditionals="21" coveredconditionals="18" methods="4" coveredmethods="4"/>
      <file name="csvParse.ts" path="/home/binashah/local-work/vaccination-project/centreParser/csvParse.ts">
        <metrics statements="19" coveredstatements="17" conditionals="4" coveredconditionals="3" methods="1" coveredmethods="1"/>
        <line num="1" count="1" type="stmt"/>
        <line num="2" count="1" type="stmt"/>
        <line num="3" count="1" type="stmt"/>
        <line num="4" count="2" type="cond" truecount="1" falsecount="0"/>
        <line num="5" count="2" type="cond" truecount="1" falsecount="0"/>
        <line num="6" count="2" type="stmt"/>
        <line num="7" count="2" type="cond" truecount="1" falsecount="1"/>
        <line num="8" count="0" type="stmt"/>
        <line num="9" count="0" type="stmt"/>
        <line num="10" count="2" type="stmt"/>
        <line num="11" count="2" type="stmt"/>
        <line num="12" count="2" type="stmt"/>
        <line num="13" count="2" type="stmt"/>
        <line num="14" count="2" type="stmt"/>
        <line num="15" count="2" type="stmt"/>
        <line num="16" count="1" type="stmt"/>
        <line num="17" count="1" type="stmt"/>
        <line num="18" count="1" type="stmt"/>
        <line num="19" count="1" type="stmt"/>
      </file>
      <file name="index.ts" path="/home/binashah/local-work/vaccination-project/centreParser/index.ts">
        <metrics statements="88" coveredstatements="83" conditionals="17" coveredconditionals="15" methods="3" coveredmethods="3"/>
        <line num="1" count="1" type="stmt"/>
        <line num="2" count="1" type="stmt"/>
        <line num="3" count="1" type="stmt"/>
        <line num="4" count="1" type="stmt"/>
        <line num="5" count="1" type="cond" truecount="1" falsecount="0"/>
        <line num="6" count="1" type="stmt"/>
        <line num="7" count="1" type="stmt"/>
        <line num="8" count="1" type="stmt"/>
        <line num="9" count="1" type="stmt"/>
        <line num="10" count="1" type="stmt"/>
        <line num="11" count="1" type="stmt"/>
        <line num="12" count="1" type="stmt"/>
        <line num="13" count="1" type="stmt"/>
        <line num="14" count="1" type="stmt"/>
        <line num="15" count="1" type="stmt"/>
        <line num="16" count="1" type="stmt"/>
        <line num="17" count="1" type="stmt"/>
        <line num="18" count="1" type="stmt"/>
        <line num="19" count="1" type="stmt"/>
        <line num="20" count="1" type="cond" truecount="1" falsecount="0"/>
        <line num="21" count="2" type="stmt"/>
        <line num="22" count="2" type="stmt"/>
        <line num="23" count="2" type="stmt"/>
        <line num="24" count="2" type="stmt"/>
        <line num="25" count="2" type="stmt"/>
        <line num="26" count="2" type="stmt"/>
        <line num="27" count="2" type="stmt"/>
        <line num="28" count="2" type="stmt"/>
        <line num="29" count="2" type="stmt"/>
        <line num="30" count="2" type="stmt"/>
        <line num="31" count="2" type="cond" truecount="1" falsecount="0"/>
        <line num="32" count="1208" type="stmt"/>
        <line num="33" count="0" type="cond" truecount="0" falsecount="1"/>
        <line num="34" count="0" type="stmt"/>
        <line num="35" count="1208" type="stmt"/>
        <line num="36" count="1208" type="stmt"/>
        <line num="37" count="1208" type="stmt"/>
        <line num="38" count="2" type="cond" truecount="0" falsecount="1"/>
        <line num="39" count="0" type="stmt"/>
        <line num="40" count="0" type="stmt"/>
        <line num="41" count="0" type="stmt"/>
        <line num="42" count="1" type="stmt"/>
        <line num="43" count="1" type="stmt"/>
        <line num="44" count="1228" type="cond" truecount="2" falsecount="0"/>
        <line num="45" count="12" type="stmt"/>
        <line num="46" count="12" type="stmt"/>
        <line num="47" count="12" type="stmt"/>
        <line num="48" count="1216" type="cond" truecount="1" falsecount="0"/>
        <line num="49" count="1216" type="stmt"/>
        <line num="50" count="1228" type="cond" truecount="3" falsecount="0"/>
        <line num="51" count="1208" type="stmt"/>
        <line num="52" count="1208" type="stmt"/>
        <line num="53" count="1208" type="stmt"/>
        <line num="54" count="1228" type="cond" truecount="1" falsecount="0"/>
        <line num="55" count="8" type="stmt"/>
        <line num="56" count="8" type="cond" truecount="1" falsecount="0"/>
        <line num="57" count="1208" type="stmt"/>
        <line num="58" count="1208" type="stmt"/>
        <line num="59" count="1208" type="stmt"/>
        <line num="60" count="1" type="stmt"/>
        <line num="61" count="1208" type="cond" truecount="1" falsecount="0"/>
        <line num="62" count="1208" type="stmt"/>
        <line num="63" count="1208" type="stmt"/>
        <line num="64" count="1208" type="stmt"/>
        <line num="65" count="1208" type="stmt"/>
        <line num="66" count="1208" type="stmt"/>
        <line num="67" count="1208" type="cond" truecount="1" falsecount="0"/>
        <line num="68" count="803" type="stmt"/>
        <line num="69" count="803" type="stmt"/>
        <line num="70" count="803" type="stmt"/>
        <line num="71" count="803" type="stmt"/>
        <line num="72" count="803" type="stmt"/>
        <line num="73" count="803" type="stmt"/>
        <line num="74" count="803" type="stmt"/>
        <line num="75" count="803" type="stmt"/>
        <line num="76" count="803" type="stmt"/>
        <line num="77" count="803" type="stmt"/>
        <line num="78" count="803" type="stmt"/>
        <line num="79" count="803" type="stmt"/>
        <line num="80" count="405" type="cond" truecount="1" falsecount="0"/>
        <line num="81" count="1208" type="cond" truecount="1" falsecount="0"/>
        <line num="82" count="120" type="stmt"/>
        <line num="83" count="120" type="stmt"/>
        <line num="84" count="120" type="stmt"/>
        <line num="85" count="120" type="stmt"/>
        <line num="86" count="120" type="stmt"/>
        <line num="87" count="120" type="stmt"/>
        <line num="88" count="120" type="stmt"/>
      </file>
    </package>
    <package name="centreParser.__tests__">
      <metrics statements="12" coveredstatements="12" conditionals="0" coveredconditionals="0" methods="0" coveredmethods="0"/>
      <file name="globals.ts" path="/home/binashah/local-work/vaccination-project/centreParser/__tests__/globals.ts">
        <metrics statements="12" coveredstatements="12" conditionals="0" coveredconditionals="0" methods="0" coveredmethods="0"/>
        <line num="1" count="1" type="stmt"/>
        <line num="2" count="1" type="stmt"/>
        <line num="3" count="1" type="stmt"/>
        <line num="4" count="1" type="stmt"/>
        <line num="5" count="1" type="stmt"/>
        <line num="6" count="1" type="stmt"/>
        <line num="7" count="1" type="stmt"/>
        <line num="8" count="1" type="stmt"/>
        <line num="9" count="1" type="stmt"/>
        <line num="10" count="1" type="stmt"/>
        <line num="11" count="1" type="stmt"/>
        <line num="12" count="1" type="stmt"/>
      </file>
    </package>
  </project>
</coverage>
