{"/home/binashah/local-work/vaccination-project/centreParser/csvParse.ts": {"path":"/home/binashah/local-work/vaccination-project/centreParser/csvParse.ts","all":false,"statementMap":{"0":{"start":{"line":1,"column":0},"end":{"line":1,"column":13}},"1":{"start":{"line":2,"column":0},"end":{"line":2,"column":72}},"2":{"start":{"line":3,"column":0},"end":{"line":3,"column":62}},"3":{"start":{"line":4,"column":0},"end":{"line":4,"column":2}},"4":{"start":{"line":5,"column":0},"end":{"line":5,"column":62}},"5":{"start":{"line":6,"column":0},"end":{"line":6,"column":14}},"6":{"start":{"line":7,"column":0},"end":{"line":7,"column":58}},"7":{"start":{"line":8,"column":0},"end":{"line":8,"column":32}},"8":{"start":{"line":9,"column":0},"end":{"line":9,"column":51}},"9":{"start":{"line":10,"column":0},"end":{"line":10,"column":75}},"10":{"start":{"line":11,"column":0},"end":{"line":11,"column":24}},"11":{"start":{"line":12,"column":0},"end":{"line":12,"column":37}},"12":{"start":{"line":13,"column":0},"end":{"line":13,"column":13}},"13":{"start":{"line":14,"column":0},"end":{"line":14,"column":37}},"14":{"start":{"line":15,"column":0},"end":{"line":15,"column":11}},"15":{"start":{"line":16,"column":0},"end":{"line":16,"column":7}},"16":{"start":{"line":17,"column":0},"end":{"line":17,"column":1}},"17":{"start":{"line":18,"column":0},"end":{"line":18,"column":35}},"18":{"start":{"line":19,"column":0},"end":{"line":19,"column":36}}},"s":{"0":1,"1":1,"2":1,"3":2,"4":2,"5":2,"6":2,"7":0,"8":0,"9":2,"10":2,"11":2,"12":2,"13":2,"14":2,"15":1,"16":1,"17":1,"18":1},"branchMap":{"0":{"type":"branch","line":4,"loc":{"start":{"line":4,"column":0},"end":{"line":15,"column":11}},"locations":[{"start":{"line":4,"column":0},"end":{"line":15,"column":11}}]},"1":{"type":"branch","line":5,"loc":{"start":{"line":5,"column":23},"end":{"line":13,"column":13}},"locations":[{"start":{"line":5,"column":23},"end":{"line":13,"column":13}}]},"2":{"type":"branch","line":7,"loc":{"start":{"line":7,"column":-1},"end":{"line":12,"column":37}},"locations":[{"start":{"line":7,"column":-1},"end":{"line":12,"column":37}}]},"3":{"type":"branch","line":7,"loc":{"start":{"line":7,"column":23},"end":{"line":9,"column":51}},"locations":[{"start":{"line":7,"column":23},"end":{"line":9,"column":51}}]}},"b":{"0":[2],"1":[2],"2":[2],"3":[0]},"fnMap":{"0":{"name":"parseCsvContents","decl":{"start":{"line":4,"column":0},"end":{"line":15,"column":11}},"loc":{"start":{"line":4,"column":0},"end":{"line":15,"column":11}},"line":4}},"f":{"0":2}}
,"/home/binashah/local-work/vaccination-project/centreParser/index.ts": {"path":"/home/binashah/local-work/vaccination-project/centreParser/index.ts","all":false,"statementMap":{"0":{"start":{"line":1,"column":0},"end":{"line":1,"column":13}},"1":{"start":{"line":2,"column":0},"end":{"line":2,"column":72}},"2":{"start":{"line":3,"column":0},"end":{"line":3,"column":62}},"3":{"start":{"line":4,"column":0},"end":{"line":4,"column":2}},"4":{"start":{"line":5,"column":0},"end":{"line":5,"column":62}},"5":{"start":{"line":6,"column":0},"end":{"line":6,"column":41}},"6":{"start":{"line":7,"column":0},"end":{"line":7,"column":58}},"7":{"start":{"line":8,"column":0},"end":{"line":8,"column":28}},"8":{"start":{"line":9,"column":0},"end":{"line":9,"column":37}},"9":{"start":{"line":10,"column":0},"end":{"line":10,"column":71}},"10":{"start":{"line":11,"column":0},"end":{"line":11,"column":53}},"11":{"start":{"line":12,"column":0},"end":{"line":12,"column":45}},"12":{"start":{"line":13,"column":0},"end":{"line":13,"column":104}},"13":{"start":{"line":14,"column":0},"end":{"line":14,"column":67}},"14":{"start":{"line":15,"column":0},"end":{"line":15,"column":61}},"15":{"start":{"line":16,"column":0},"end":{"line":16,"column":20}},"16":{"start":{"line":17,"column":0},"end":{"line":17,"column":24}},"17":{"start":{"line":18,"column":0},"end":{"line":18,"column":32}},"18":{"start":{"line":19,"column":0},"end":{"line":19,"column":39}},"19":{"start":{"line":20,"column":0},"end":{"line":20,"column":48}},"20":{"start":{"line":21,"column":0},"end":{"line":21,"column":31}},"21":{"start":{"line":22,"column":0},"end":{"line":22,"column":65}},"22":{"start":{"line":23,"column":0},"end":{"line":23,"column":84}},"23":{"start":{"line":24,"column":0},"end":{"line":24,"column":13}},"24":{"start":{"line":25,"column":0},"end":{"line":25,"column":26}},"25":{"start":{"line":26,"column":0},"end":{"line":26,"column":11}},"26":{"start":{"line":27,"column":0},"end":{"line":27,"column":5}},"27":{"start":{"line":28,"column":0},"end":{"line":28,"column":14}},"28":{"start":{"line":29,"column":0},"end":{"line":29,"column":1}},"29":{"start":{"line":30,"column":0},"end":{"line":30,"column":24}},"30":{"start":{"line":31,"column":0},"end":{"line":31,"column":40}},"31":{"start":{"line":32,"column":0},"end":{"line":32,"column":30}},"32":{"start":{"line":33,"column":0},"end":{"line":33,"column":74}},"33":{"start":{"line":34,"column":0},"end":{"line":34,"column":21}},"34":{"start":{"line":35,"column":0},"end":{"line":35,"column":5}},"35":{"start":{"line":36,"column":0},"end":{"line":36,"column":49}},"36":{"start":{"line":37,"column":0},"end":{"line":37,"column":49}},"37":{"start":{"line":38,"column":0},"end":{"line":38,"column":47}},"38":{"start":{"line":39,"column":0},"end":{"line":39,"column":45}},"39":{"start":{"line":40,"column":0},"end":{"line":40,"column":21}},"40":{"start":{"line":41,"column":0},"end":{"line":41,"column":5}},"41":{"start":{"line":42,"column":0},"end":{"line":42,"column":16}},"42":{"start":{"line":43,"column":0},"end":{"line":43,"column":2}},"43":{"start":{"line":44,"column":0},"end":{"line":44,"column":49}},"44":{"start":{"line":45,"column":0},"end":{"line":45,"column":45}},"45":{"start":{"line":46,"column":0},"end":{"line":46,"column":23}},"46":{"start":{"line":47,"column":0},"end":{"line":47,"column":5}},"47":{"start":{"line":48,"column":0},"end":{"line":48,"column":30}},"48":{"start":{"line":49,"column":0},"end":{"line":49,"column":37}},"49":{"start":{"line":50,"column":0},"end":{"line":50,"column":34}},"50":{"start":{"line":51,"column":0},"end":{"line":51,"column":32}},"51":{"start":{"line":52,"column":0},"end":{"line":52,"column":30}},"52":{"start":{"line":53,"column":0},"end":{"line":53,"column":28}},"53":{"start":{"line":54,"column":0},"end":{"line":54,"column":31}},"54":{"start":{"line":55,"column":0},"end":{"line":55,"column":31}},"55":{"start":{"line":56,"column":0},"end":{"line":56,"column":54}},"56":{"start":{"line":57,"column":0},"end":{"line":57,"column":10}},"57":{"start":{"line":58,"column":0},"end":{"line":58,"column":32}},"58":{"start":{"line":59,"column":0},"end":{"line":59,"column":5}},"59":{"start":{"line":60,"column":0},"end":{"line":60,"column":30}},"60":{"start":{"line":61,"column":0},"end":{"line":61,"column":34}},"61":{"start":{"line":62,"column":0},"end":{"line":62,"column":32}},"62":{"start":{"line":63,"column":0},"end":{"line":63,"column":30}},"63":{"start":{"line":64,"column":0},"end":{"line":64,"column":28}},"64":{"start":{"line":65,"column":0},"end":{"line":65,"column":31}},"65":{"start":{"line":66,"column":0},"end":{"line":66,"column":31}},"66":{"start":{"line":67,"column":0},"end":{"line":67,"column":55}},"67":{"start":{"line":68,"column":0},"end":{"line":68,"column":10}},"68":{"start":{"line":69,"column":0},"end":{"line":69,"column":32}},"69":{"start":{"line":70,"column":0},"end":{"line":70,"column":5}},"70":{"start":{"line":71,"column":0},"end":{"line":71,"column":18}},"71":{"start":{"line":72,"column":0},"end":{"line":72,"column":1}},"72":{"start":{"line":73,"column":0},"end":{"line":73,"column":33}},"73":{"start":{"line":74,"column":0},"end":{"line":74,"column":56}},"74":{"start":{"line":75,"column":0},"end":{"line":75,"column":1}},"75":{"start":{"line":76,"column":0},"end":{"line":76,"column":43}},"76":{"start":{"line":77,"column":0},"end":{"line":77,"column":39}},"77":{"start":{"line":78,"column":0},"end":{"line":78,"column":57}},"78":{"start":{"line":79,"column":0},"end":{"line":79,"column":5}},"79":{"start":{"line":80,"column":0},"end":{"line":80,"column":44}},"80":{"start":{"line":81,"column":0},"end":{"line":81,"column":48}},"81":{"start":{"line":82,"column":0},"end":{"line":82,"column":5}},"82":{"start":{"line":83,"column":0},"end":{"line":83,"column":40}},"83":{"start":{"line":84,"column":0},"end":{"line":84,"column":44}},"84":{"start":{"line":85,"column":0},"end":{"line":85,"column":5}},"85":{"start":{"line":86,"column":0},"end":{"line":86,"column":80}},"86":{"start":{"line":87,"column":0},"end":{"line":87,"column":1}},"87":{"start":{"line":88,"column":0},"end":{"line":88,"column":33}}},"s":{"0":1,"1":1,"2":1,"3":1,"4":1,"5":1,"6":1,"7":1,"8":1,"9":1,"10":1,"11":1,"12":1,"13":1,"14":1,"15":1,"16":1,"17":1,"18":1,"19":1,"20":2,"21":2,"22":2,"23":2,"24":2,"25":2,"26":2,"27":2,"28":2,"29":2,"30":2,"31":1208,"32":0,"33":0,"34":1208,"35":1208,"36":1208,"37":2,"38":0,"39":0,"40":0,"41":1,"42":1,"43":1228,"44":12,"45":12,"46":12,"47":1216,"48":1216,"49":1228,"50":1208,"51":1208,"52":1208,"53":1228,"54":8,"55":8,"56":1208,"57":1208,"58":1208,"59":1,"60":1208,"61":1208,"62":1208,"63":1208,"64":1208,"65":1208,"66":1208,"67":803,"68":803,"69":803,"70":803,"71":803,"72":803,"73":803,"74":803,"75":803,"76":803,"77":803,"78":803,"79":405,"80":1208,"81":120,"82":120,"83":120,"84":120,"85":120,"86":120,"87":120},"branchMap":{"0":{"type":"branch","line":5,"loc":{"start":{"line":5,"column":0},"end":{"line":9,"column":37}},"locations":[{"start":{"line":5,"column":0},"end":{"line":9,"column":37}}]},"1":{"type":"branch","line":20,"loc":{"start":{"line":20,"column":15},"end":{"line":41,"column":5}},"locations":[{"start":{"line":20,"column":15},"end":{"line":41,"column":5}}]},"2":{"type":"branch","line":38,"loc":{"start":{"line":38,"column":5},"end":{"line":41,"column":5}},"locations":[{"start":{"line":38,"column":5},"end":{"line":41,"column":5}}]},"3":{"type":"branch","line":31,"loc":{"start":{"line":31,"column":20},"end":{"line":37,"column":49}},"locations":[{"start":{"line":31,"column":20},"end":{"line":37,"column":49}}]},"4":{"type":"branch","line":33,"loc":{"start":{"line":33,"column":-1},"end":{"line":34,"column":21}},"locations":[{"start":{"line":33,"column":-1},"end":{"line":34,"column":21}}]},"5":{"type":"branch","line":44,"loc":{"start":{"line":44,"column":-1},"end":{"line":59,"column":5}},"locations":[{"start":{"line":44,"column":-1},"end":{"line":59,"column":5}}]},"6":{"type":"branch","line":44,"loc":{"start":{"line":44,"column":29},"end":{"line":47,"column":5}},"locations":[{"start":{"line":44,"column":29},"end":{"line":47,"column":5}}]},"7":{"type":"branch","line":48,"loc":{"start":{"line":48,"column":-1},"end":{"line":50,"column":14}},"locations":[{"start":{"line":48,"column":-1},"end":{"line":50,"column":14}}]},"8":{"type":"branch","line":50,"loc":{"start":{"line":50,"column":8},"end":{"line":51,"column":32}},"locations":[{"start":{"line":50,"column":8},"end":{"line":51,"column":32}}]},"9":{"type":"branch","line":50,"loc":{"start":{"line":50,"column":8},"end":{"line":52,"column":30}},"locations":[{"start":{"line":50,"column":8},"end":{"line":52,"column":30}}]},"10":{"type":"branch","line":50,"loc":{"start":{"line":50,"column":8},"end":{"line":53,"column":28}},"locations":[{"start":{"line":50,"column":8},"end":{"line":53,"column":28}}]},"11":{"type":"branch","line":54,"loc":{"start":{"line":54,"column":6},"end":{"line":56,"column":54}},"locations":[{"start":{"line":54,"column":6},"end":{"line":56,"column":54}}]},"12":{"type":"branch","line":56,"loc":{"start":{"line":56,"column":5},"end":{"line":59,"column":5}},"locations":[{"start":{"line":56,"column":5},"end":{"line":59,"column":5}}]},"13":{"type":"branch","line":61,"loc":{"start":{"line":61,"column":0},"end":{"line":88,"column":33}},"locations":[{"start":{"line":61,"column":0},"end":{"line":88,"column":33}}]},"14":{"type":"branch","line":67,"loc":{"start":{"line":67,"column":33},"end":{"line":79,"column":5}},"locations":[{"start":{"line":67,"column":33},"end":{"line":79,"column":5}}]},"15":{"type":"branch","line":80,"loc":{"start":{"line":80,"column":-1},"end":{"line":81,"column":12}},"locations":[{"start":{"line":80,"column":-1},"end":{"line":81,"column":12}}]},"16":{"type":"branch","line":81,"loc":{"start":{"line":81,"column":33},"end":{"line":88,"column":33}},"locations":[{"start":{"line":81,"column":33},"end":{"line":88,"column":33}}]}},"b":{"0":[1],"1":[2],"2":[0],"3":[1208],"4":[0],"5":[1228],"6":[12],"7":[1216],"8":[1210],"9":[1209],"10":[1208],"11":[8],"12":[1208],"13":[1208],"14":[803],"15":[405],"16":[120]},"fnMap":{"0":{"name":"parse","decl":{"start":{"line":20,"column":15},"end":{"line":41,"column":5}},"loc":{"start":{"line":20,"column":15},"end":{"line":41,"column":5}},"line":20},"1":{"name":"filterExtraRecords","decl":{"start":{"line":44,"column":-1},"end":{"line":59,"column":5}},"loc":{"start":{"line":44,"column":-1},"end":{"line":59,"column":5}},"line":44},"2":{"name":"mapCSVRecordToHealthCareRecord","decl":{"start":{"line":61,"column":0},"end":{"line":88,"column":33}},"loc":{"start":{"line":61,"column":0},"end":{"line":88,"column":33}},"line":61}},"f":{"0":2,"1":1228,"2":1208}}
,"/home/binashah/local-work/vaccination-project/centreParser/__tests__/globals.ts": {"path":"/home/binashah/local-work/vaccination-project/centreParser/__tests__/globals.ts","all":false,"statementMap":{"0":{"start":{"line":1,"column":0},"end":{"line":1,"column":13}},"1":{"start":{"line":2,"column":0},"end":{"line":2,"column":72}},"2":{"start":{"line":3,"column":0},"end":{"line":3,"column":62}},"3":{"start":{"line":4,"column":0},"end":{"line":4,"column":2}},"4":{"start":{"line":5,"column":0},"end":{"line":5,"column":62}},"5":{"start":{"line":6,"column":0},"end":{"line":6,"column":45}},"6":{"start":{"line":7,"column":0},"end":{"line":7,"column":31}},"7":{"start":{"line":8,"column":0},"end":{"line":8,"column":52}},"8":{"start":{"line":9,"column":0},"end":{"line":9,"column":48}},"9":{"start":{"line":10,"column":0},"end":{"line":10,"column":50}},"10":{"start":{"line":11,"column":0},"end":{"line":11,"column":81}},"11":{"start":{"line":12,"column":0},"end":{"line":12,"column":35}}},"s":{"0":1,"1":1,"2":1,"3":1,"4":1,"5":1,"6":1,"7":1,"8":1,"9":1,"10":1,"11":1},"branchMap":{},"b":{},"fnMap":{},"f":{}}
}
