TN:
SF:csvParse.ts
FN:4,parseCsvContents
FNF:1
FNH:1
FNDA:2,parseCsvContents
DA:1,1
DA:2,1
DA:3,1
DA:4,2
DA:5,2
DA:6,2
DA:7,2
DA:8,0
DA:9,0
DA:10,2
DA:11,2
DA:12,2
DA:13,2
DA:14,2
DA:15,2
DA:16,1
DA:17,1
DA:18,1
DA:19,1
LF:19
LH:17
BRDA:4,0,0,2
BRDA:5,1,0,2
BRDA:7,2,0,2
BRDA:7,3,0,0
BRF:4
BRH:3
end_of_record
TN:
SF:index.ts
FN:20,parse
FN:44,filterExtraRecords
FN:61,mapCSVRecordToHealthCareRecord
FNF:3
FNH:3
FNDA:2,parse
FNDA:1228,filterExtraRecords
FNDA:1208,mapCSVRecordToHealthCareRecord
DA:1,1
DA:2,1
DA:3,1
DA:4,1
DA:5,1
DA:6,1
DA:7,1
DA:8,1
DA:9,1
DA:10,1
DA:11,1
DA:12,1
DA:13,1
DA:14,1
DA:15,1
DA:16,1
DA:17,1
DA:18,1
DA:19,1
DA:20,1
DA:21,2
DA:22,2
DA:23,2
DA:24,2
DA:25,2
DA:26,2
DA:27,2
DA:28,2
DA:29,2
DA:30,2
DA:31,2
DA:32,1208
DA:33,0
DA:34,0
DA:35,1208
DA:36,1208
DA:37,1208
DA:38,2
DA:39,0
DA:40,0
DA:41,0
DA:42,1
DA:43,1
DA:44,1228
DA:45,12
DA:46,12
DA:47,12
DA:48,1216
DA:49,1216
DA:50,1228
DA:51,1208
DA:52,1208
DA:53,1208
DA:54,1228
DA:55,8
DA:56,8
DA:57,1208
DA:58,1208
DA:59,1208
DA:60,1
DA:61,1208
DA:62,1208
DA:63,1208
DA:64,1208
DA:65,1208
DA:66,1208
DA:67,1208
DA:68,803
DA:69,803
DA:70,803
DA:71,803
DA:72,803
DA:73,803
DA:74,803
DA:75,803
DA:76,803
DA:77,803
DA:78,803
DA:79,803
DA:80,405
DA:81,1208
DA:82,120
DA:83,120
DA:84,120
DA:85,120
DA:86,120
DA:87,120
DA:88,120
LF:88
LH:83
BRDA:5,0,0,1
BRDA:20,1,0,2
BRDA:38,2,0,0
BRDA:31,3,0,1208
BRDA:33,4,0,0
BRDA:44,5,0,1228
BRDA:44,6,0,12
BRDA:48,7,0,1216
BRDA:50,8,0,1210
BRDA:50,9,0,1209
BRDA:50,10,0,1208
BRDA:54,11,0,8
BRDA:56,12,0,1208
BRDA:61,13,0,1208
BRDA:67,14,0,803
BRDA:80,15,0,405
BRDA:81,16,0,120
BRF:17
BRH:15
end_of_record
TN:
SF:__tests__/globals.ts
FNF:0
FNH:0
DA:1,1
DA:2,1
DA:3,1
DA:4,1
DA:5,1
DA:6,1
DA:7,1
DA:8,1
DA:9,1
DA:10,1
DA:11,1
DA:12,1
LF:12
LH:12
BRF:0
BRH:0
end_of_record
